============================================================
  Generated by:           Genus(TM) Synthesis Solution 23.14-s090_1
  Generated on:           Sep 28 2025  01:27:52 pm
  Module:                 RISCV_SingleCycle
  Library domain:         timing_cond_wcl_slow
    Domain index:         0
    Technology library:   sky130_ss_1.62_125 1.0
  Library domain:         timing_cond_wcl_fast
    Domain index:         1
    Technology library:   sky130_ff_1.98_0 1.0
  Library domain:         timing_cond_wcl_typical
    Domain index:         2
    Technology library:   sky130_tt_1.8_25 1.0
  Operating conditions:   ss_1.62_125 (balanced_tree)
  Operating conditions:   ff_1.98_0 (balanced_tree)
  Operating conditions:   tt_1.8_25 (balanced_tree)
  Wireload mode:          enclosed
  Area mode:              timing library
============================================================

                                   Leakage                        Library 
   Gate    Instances     Area    Power (nW)        Library         Domain 
--------------------------------------------------------------------------
ADDFX1            61    1974.875     76.921    sky130_ss_1.62_125       0 
ADDHX1            35     733.180     48.088    sky130_ss_1.62_125       0 
AND2X1            44     418.968     27.085    sky130_ss_1.62_125       0 
AND2X2           135    1285.470    213.939    sky130_ss_1.62_125       0 
AND3X2            12     137.112     29.710    sky130_ss_1.62_125       0 
AND4X2            66     879.780    437.057    sky130_ss_1.62_125       0 
AOI211X1           1      11.426      0.024    sky130_ss_1.62_125       0 
AOI21X1           31     295.182      4.965    sky130_ss_1.62_125       0 
AOI21X2            3      45.705      1.554    sky130_ss_1.62_125       0 
AOI221X1         325    4332.575     82.008    sky130_ss_1.62_125       0 
AOI222X1         130    1487.720      7.488    sky130_ss_1.62_125       0 
AOI22X1         7929   90596.754    704.421    sky130_ss_1.62_125       0 
BUFX2              5      38.090      6.492    sky130_ss_1.62_125       0 
BUFX4              1      11.426      1.857    sky130_ss_1.62_125       0 
CLKAND2X2        314    2989.908    351.644    sky130_ss_1.62_125       0 
CLKINVX1        5104   29159.152   1805.260    sky130_ss_1.62_125       0 
CLKINVX2         261    1491.093    155.910    sky130_ss_1.62_125       0 
CLKINVX4           5      47.610      4.862    sky130_ss_1.62_125       0 
CLKXOR2X1         65     866.515     47.557    sky130_ss_1.62_125       0 
DFFX1           5120  175508.475  33930.517    sky130_ss_1.62_125       0 
INVX2            151     862.663     14.352    sky130_ss_1.62_125       0 
INVX8              1      17.140      0.241    sky130_ss_1.62_125       0 
MX2X1             11     167.585     14.535    sky130_ss_1.62_125       0 
NAND2X1          245    1866.410    110.395    sky130_ss_1.62_125       0 
NAND2X2           48     457.056     15.840    sky130_ss_1.62_125       0 
NAND2X4           33     565.620    112.042    sky130_ss_1.62_125       0 
NAND3X1           68     647.496     46.050    sky130_ss_1.62_125       0 
NAND4X1          705    8055.330   1298.497    sky130_ss_1.62_125       0 
NOR2X1           191    1455.038     37.558    sky130_ss_1.62_125       0 
NOR2X2             3      34.278      1.153    sky130_ss_1.62_125       0 
NOR2X4            60    1028.400     24.074    sky130_ss_1.62_125       0 
NOR3X1            15     142.830      2.158    sky130_ss_1.62_125       0 
NOR3X2             9     137.115      1.962    sky130_ss_1.62_125       0 
NOR4X1           131    1496.806      8.251    sky130_ss_1.62_125       0 
OAI211X1           4      45.680      3.910    sky130_ss_1.62_125       0 
OAI21X1           61     580.842     29.512    sky130_ss_1.62_125       0 
OAI221X1          23     306.613     13.661    sky130_ss_1.62_125       0 
OAI222X1          25     380.875     13.081    sky130_ss_1.62_125       0 
OAI22X1          187    2136.662     71.871    sky130_ss_1.62_125       0 
OR2X1             55     523.710     55.209    sky130_ss_1.62_125       0 
OR2X2             70     666.540     64.406    sky130_ss_1.62_125       0 
OR3X1             20     228.520     23.063    sky130_ss_1.62_125       0 
OR3X2              3      34.278      3.774    sky130_ss_1.62_125       0 
OR4X1             36     479.916     20.699    sky130_ss_1.62_125       0 
XNOR2X1           15     228.525     39.949    sky130_ss_1.62_125       0 
--------------------------------------------------------------------------
total          21817  334856.944  39963.602                       


                                             Leakage  Leakage 
     Type      Instances    Area    Area % Power (nW) Power % 
--------------------------------------------------------------
sequential          5120 175508.475   52.4  33930.517    84.9 
inverter            5522  31577.658    9.4   1980.625     5.0 
buffer                 6     49.516    0.0      8.349     0.0 
logic              11169 127721.295   38.1   4044.111    10.1 
physical_cells         0      0.000    0.0      0.000     0.0 
--------------------------------------------------------------
total              21817 334856.944  100.0  39963.602   100.0 

